<?xml version="1.0" encoding="UTF-8"?>
<!-- Generated by org.testng.reporters.JUnitReportReporter -->
<testsuite hostname="DESKTOP-U57RU64" failures="0" tests="1" name="tests.ValidLogIn" time="10.859" errors="0" timestamp="2022-05-28T22:16:36 CEST" skipped="0">
  <testcase classname="tests.ValidLogIn" name="LogIn" time="10.859"/>
  <system-out/>
</testsuite> <!-- tests.ValidLogIn -->
