<?xml version="1.0" encoding="UTF-8"?>
<!-- Generated by org.testng.reporters.JUnitReportReporter -->
<testsuite hostname="DESKTOP-U57RU64" failures="0" tests="3" name="tests.InvalidLogIn" time="2.707" errors="0" timestamp="2022-06-01T22:02:18 CEST" skipped="0">
  <testcase classname="tests.InvalidLogIn" name="test3" time="0.401"/>
  <system-out/>
  <testcase classname="tests.InvalidLogIn" name="test1" time="1.906"/>
  <system-out/>
  <testcase classname="tests.InvalidLogIn" name="test2" time="0.400"/>
  <system-out/>
</testsuite> <!-- tests.InvalidLogIn -->
