<?xml version="1.0" encoding="UTF-8"?>
<!-- Generated by org.testng.reporters.JUnitReportReporter -->
<testsuite skipped="0" hostname="DESKTOP-U57RU64" name="tests.test3" tests="1" failures="0" timestamp="28 Sep 2021 08:10:40 GMT" time="2.031" errors="0">
  <testcase name="test1" time="2.031" classname="tests.test3"/>
</testsuite> <!-- tests.test3 -->
